2024-10-07 11:45:11.954216 (11288) main____ INFO    ----------------------------------------
2024-10-07 11:45:11.954300 (11288) main____ INFO    Jasper version info
2024-10-07 11:45:11.954309 (11288) main____ INFO      tool      : Jasper 2023.12
2024-10-07 11:45:11.954316 (11288) main____ INFO      version   : 2023.12p001 64 bits
2024-10-07 11:45:11.954322 (11288) main____ INFO      build date: 2024.01.23 16:09:24 UTC
2024-10-07 11:45:11.954326 (11288) main____ INFO    ----------------------------------------
2024-10-07 11:45:11.954329 (11288) main____ INFO    Runtime info:
2024-10-07 11:45:11.954334 (11288) main____ INFO      platform  : Linux 3.10.0-1160.88.1.el7.x86_64 x86_64
2024-10-07 11:45:11.954342 (11288) main____ INFO      hostname  : veri-xn123.qb.veriest
2024-10-07 11:45:11.954350 (11288) main____ INFO      pid       : 11288
2024-10-07 11:45:11.954354 (11288) main____ INFO      arguments : '-style' 'windows' 'run_cpu_jg.tcl'
2024-10-07 11:45:11.954359 (11288) main____ INFO      locale    : UTF-8
2024-10-07 11:45:11.954362 (11288) main____ INFO    ----------------------------------------
2024-10-07 11:45:11.954366 (11288) main____ INFO    System resource limits info:
2024-10-07 11:45:11.954371 (11288) main____ INFO      virtual memory: unlimited
2024-10-07 11:45:11.954376 (11288) main____ INFO      cpu time      : unlimited
2024-10-07 11:45:11.954385 (11288) main____ INFO      processes     : 4096
2024-10-07 11:45:11.954398 (11288) main____ INFO      stack size    : 8388608 B
2024-10-07 11:45:11.954404 (11288) main____ INFO      core file size: 0 B
2024-10-07 11:45:11.954410 (11288) main____ INFO      open files    : 1024
2024-10-07 11:45:11.954414 (11288) main____ INFO      file size     : unlimited
2024-10-07 11:45:11.954418 (11288) main____ INFO    ----------------------------------------
2024-10-07 11:45:11.954421 (11288) main____ INFO    Memory statistics:
2024-10-07 11:45:11.954427 (11288) main____ INFO      total physical memory  : 49318788 kB
2024-10-07 11:45:11.954431 (11288) main____ INFO      free physical memory   : 27478840 kB
2024-10-07 11:45:11.954436 (11288) main____ INFO      committed address space: 46875020 kB
2024-10-07 11:45:11.954439 (11288) main____ INFO    ----------------------------------------
2024-10-07 11:45:11.955509 (11288) main____ INFO    Important environment variables:
2024-10-07 11:45:11.955528 (11288) main____ INFO      CDS_AUTO_64BIT     : 'all'
2024-10-07 11:45:11.955535 (11288) main____ INFO      CDS_LIC_FILE       : '5280@veri-svc054'
2024-10-07 11:45:11.955540 (11288) main____ INFO      DISPLAY            : 'localhost:35.0'
2024-10-07 11:45:11.955545 (11288) main____ INFO      EDITOR             : 'vi'
2024-10-07 11:45:11.955550 (11288) main____ INFO      JASPER_INSTALL_DIR : '/tools/cdnc/jasper/23.12.001'
2024-10-07 11:45:11.955555 (11288) main____ INFO      JASPER_KERNEL_CHECK: '1'
2024-10-07 11:45:11.955560 (11288) main____ INFO      JASPER_OS_CHECK    : '1'
2024-10-07 11:45:11.955565 (11288) main____ INFO      LANG               : 'en_US.UTF-8'
2024-10-07 11:45:11.955570 (11288) main____ INFO      LC_ALL             : 'en_US.UTF-8'
2024-10-07 11:45:11.955575 (11288) main____ INFO      TMPDIR             : '/tmp'
2024-10-07 11:45:11.955579 (11288) main____ INFO    ----------------------------------------
2024-10-07 11:45:11.957075 (11288) lic_core INFO    Initializing license system ...
2024-10-07 11:45:11.982150 (11288) lic_core INFO    ... license system initialized.
2024-10-07 11:45:12.042615 (11288) lic__man INFO    Claim 'main' for <ui>.
2024-10-07 11:45:12.042654 (11288) lic_core INFO    (1) checking out 'jasper_interactive' ...
2024-10-07 11:45:12.053987 (11288) lic_core INFO    ... (1) checkout succeeded
2024-10-07 11:45:12.054040 (11288) lic__man INFO    Claim 'fpv' for <ui>.
2024-10-07 11:45:12.054055 (11288) lic_core INFO    (2) checking out 'jasper_fpv' ...
2024-10-07 11:45:12.056961 (11288) lic_core INFO    ... (2) checkout failed (error: -5) ("FLEXnet ERROR(-5, 0, 0): No such feature exists.")
2024-10-07 11:45:12.056981 (11288) lic_core INFO    (3) checking out 'jasper_fao' ...
2024-10-07 11:45:12.059799 (11288) lic_core INFO    ... (3) checkout failed (error: -5) ("FLEXnet ERROR(-5, 0, 0): No such feature exists.")
2024-10-07 11:45:12.059829 (11288) lic_core INFO    (4) checking out 'jasper_papp' ...
2024-10-07 11:45:12.069760 (11288) lic_core INFO    ... (4) checkout succeeded
2024-10-07 11:45:12.070372 (11288) main____ INFO    Tool inactivity delay is 480000 ms.
2024-10-07 11:45:13.119605 (11288) lic__man INFO    Claim 'fpv' for <ui>.
2024-10-07 11:45:13.557088 (11288) lic__man INFO    Unclaim 'fpv' for <ui>.
2024-10-07 11:45:13.557130 (11288) lic__man INFO    Claim 'fpv' for <ui>.
2024-10-07 11:45:13.568016 (11288) session_ INFO    Starting analysis session with session id 'session_0' (launcher: <local>) ...
2024-10-07 11:45:13.570892 (11288) session_ INFO    Analysis session with session id 'session_0' started (pid: 11314)
2024-10-07 11:45:14.725647 (11288) session_ INFO    Analysis session 'session_0' connected to the console (host: 127.0.0.1:35770)
2024-10-07 11:45:15.498249 (11288) main____ INFO    Releasing console memory by request of analysis session 'session_0'.
2024-10-07 11:45:15.499665 (11288) lic__man INFO    Unclaim everything for 'session_0'.
2024-10-07 11:45:17.472155 (11288) lic__man INFO    Unclaim everything for 'session_0'.
2024-10-07 11:45:17.959017 (11288) lic__man INFO    Claim 'fpv' for 'session_0'.
2024-10-07 11:45:17.959066 (11288) lic__man INFO    Claim 'fpv' for 'session_0/prove-0'.
2024-10-07 11:45:18.402996 (11288) lic__man INFO    Unclaim everything for 'session_0/prove-0'.
2024-10-07 11:45:18.410201 (11288) lic__man INFO    Claim 'fpv' for 'session_0'.
2024-10-07 11:45:18.410217 (11288) lic__man INFO    Claim 'fpv' for 'session_0/prove-1'.
2024-10-07 11:45:51.564620 (11288) lic__man INFO    Unclaim everything for 'session_0/prove-1'.
2024-10-07 11:45:53.345336 (11288) lic__man INFO    Unclaim 'fpv' for <ui>.
2024-10-07 11:45:53.345379 (11288) lic__man INFO    Claim 'cov' for <ui>.
2024-10-07 11:45:53.345397 (11288) lic_core INFO    (5) checking out 'jasper_coverage' ...
2024-10-07 11:45:53.351703 (11288) lic_core INFO    ... (5) checkout failed (error: -5) ("FLEXnet ERROR(-5, 0, 0): No such feature exists.")
2024-10-07 11:45:53.351733 (11288) lic_core INFO    (6) checking out 'jasper_pcov' ...
2024-10-07 11:45:53.361588 (11288) lic_core INFO    ... (6) checkout succeeded
2024-10-07 11:46:04.603353 (11288) lic__man INFO    Claim 'cov' for 'session_0'.
2024-10-07 11:46:04.840489 (11288) lic__man INFO    Claim 'fpv' for 'session_0'.
2024-10-07 11:46:04.840520 (11288) lic__man INFO    Claim 'fpv' for 'session_0/prove-2'.
2024-10-07 11:46:07.465349 (11288) lic__man INFO    Unclaim everything for 'session_0/prove-8'.
2024-10-07 11:46:07.973464 (11288) lic__man INFO    Unclaim everything for 'session_0/prove-7'.
2024-10-07 11:46:22.599295 (11288) lic__man INFO    Unclaim everything for 'session_0/prove-10'.
2024-10-07 11:46:23.611451 (11288) lic__man INFO    Unclaim everything for 'session_0/prove-9'.
2024-10-07 11:47:14.153562 (11288) lic__man INFO    Unclaim everything for 'session_0/prove-4'.
2024-10-07 11:47:14.844374 (11288) lic__man INFO    Unclaim everything for 'session_0/prove-3'.
2024-10-07 11:56:50.646152 (11288) lic__man INFO    Unclaim everything for 'session_0/prove-6'.
2024-10-07 11:56:51.397000 (11288) lic__man INFO    Unclaim everything for 'session_0/prove-5'.
2024-10-07 12:14:39.998022 (11288) lic__man INFO    Unclaim everything for 'session_0/prove-12'.
2024-10-07 12:14:40.711830 (11288) lic__man INFO    Unclaim everything for 'session_0/prove-11'.
2024-10-07 12:14:41.903007 (11288) lic__man INFO    Unclaim everything for 'session_0/prove-2'.
2024-10-07 12:22:41.544174 (11288) lic__man INFO    Entering idle state.
2024-10-07 12:22:54.336838 (11288) lic__man INFO    Leaving idle state.
2024-10-07 12:22:54.339922 (11288) lic__man INFO    Unclaim 'cov' for <ui>.
2024-10-07 12:22:54.339945 (11288) lic__man INFO    Claim 'fpv' for <ui>.
2024-10-07 12:23:09.083750 (11288) main____ INFO    Releasing console memory by request of analysis session 'session_0'.
2024-10-07 12:23:09.088231 (11288) lic__man INFO    Unclaim everything for 'session_0'.
2024-10-07 12:23:10.910692 (11288) lic__man INFO    Unclaim everything for 'session_0'.
2024-10-07 12:23:11.453661 (11288) lic__man INFO    Claim 'fpv' for 'session_0'.
2024-10-07 12:23:11.453699 (11288) lic__man INFO    Claim 'fpv' for 'session_0/prove-0'.
2024-10-07 12:23:11.869900 (11288) lic__man INFO    Unclaim everything for 'session_0/prove-0'.
2024-10-07 12:23:11.873446 (11288) lic__man INFO    Claim 'fpv' for 'session_0'.
2024-10-07 12:23:11.873462 (11288) lic__man INFO    Claim 'fpv' for 'session_0/prove-1'.
2024-10-07 12:24:09.543335 (11288) lic_core INFO    (6) checkin jasper_pcov
2024-10-07 12:25:17.843349 (11288) lic__man INFO    Unclaim everything for 'session_0/prove-1'.
2024-10-07 12:25:25.576194 (11288) main____ INFO    Releasing console memory by request of analysis session 'session_0'.
2024-10-07 12:25:25.578137 (11288) lic__man INFO    Unclaim everything for 'session_0'.
2024-10-07 12:25:27.518069 (11288) lic__man INFO    Unclaim everything for 'session_0'.
2024-10-07 12:25:28.021757 (11288) lic__man INFO    Claim 'fpv' for 'session_0'.
2024-10-07 12:25:28.021795 (11288) lic__man INFO    Claim 'fpv' for 'session_0/prove-0'.
2024-10-07 12:25:28.434996 (11288) lic__man INFO    Unclaim everything for 'session_0/prove-0'.
2024-10-07 12:25:28.436042 (11288) lic__man INFO    Claim 'fpv' for 'session_0'.
2024-10-07 12:25:28.436059 (11288) lic__man INFO    Claim 'fpv' for 'session_0/prove-1'.
2024-10-07 12:26:55.588919 (11288) lic__man INFO    Unclaim everything for 'session_0/prove-1'.
2024-10-07 12:26:57.743352 (11288) main____ INFO    Releasing console memory by request of analysis session 'session_0'.
2024-10-07 12:26:57.744625 (11288) lic__man INFO    Unclaim everything for 'session_0'.
2024-10-07 12:26:59.535853 (11288) lic__man INFO    Unclaim everything for 'session_0'.
2024-10-07 12:27:00.001828 (11288) lic__man INFO    Claim 'fpv' for 'session_0'.
2024-10-07 12:27:00.001862 (11288) lic__man INFO    Claim 'fpv' for 'session_0/prove-0'.
2024-10-07 12:27:00.408250 (11288) lic__man INFO    Unclaim everything for 'session_0/prove-0'.
2024-10-07 12:27:00.461898 (11288) lic__man INFO    Claim 'fpv' for 'session_0'.
2024-10-07 12:27:00.461921 (11288) lic__man INFO    Claim 'fpv' for 'session_0/prove-1'.
2024-10-07 12:27:11.438016 (11288) lic__man INFO    Claim 'fpv' for 'session_0'.
2024-10-07 12:32:45.596504 (11288) lic__man INFO    Unclaim everything for 'session_0/prove-1'.
2024-10-07 12:43:54.544508 (11288) lic__man INFO    Entering idle state.
2024-10-07 15:08:56.040907 (11288) lic__man INFO    Leaving idle state.
2024-10-07 15:09:23.554940 (11288) lic__man INFO    Unclaim 'fpv' for <ui>.
2024-10-07 15:09:23.554980 (11288) lic__man INFO    Claim 'cov' for <ui>.
2024-10-07 15:09:23.554997 (11288) lic_core INFO    (7) checking out 'jasper_coverage' ...
2024-10-07 15:09:23.555006 (11288) lic_core INFO    ... (7) checkout failed (error: -1000000008) ("License feature excluded by previous fatal license checkout attempt")
2024-10-07 15:09:23.555020 (11288) lic_core INFO    (8) checking out 'jasper_pcov' ...
2024-10-07 15:09:23.573134 (11288) lic_core INFO    ... (8) checkout succeeded
2024-10-07 15:09:38.458868 (11288) lic__man INFO    Unclaim 'cov' for <ui>.
2024-10-07 15:09:38.458917 (11288) lic__man INFO    Claim 'fpv' for <ui>.
2024-10-07 15:10:24.377746 (11288) lic__man INFO    Unclaim 'fpv' for <ui>.
2024-10-07 15:10:24.377790 (11288) lic__man INFO    Claim 'cov' for <ui>.
2024-10-07 15:18:44.543559 (11288) lic__man INFO    Entering idle state.
2024-10-07 17:10:11.683593 (11288) lic__man INFO    Leaving idle state.
2024-10-07 17:10:11.686455 (11288) lic__man INFO    Unclaim 'cov' for <ui>.
2024-10-07 17:10:11.686476 (11288) lic__man INFO    Claim 'fpv' for <ui>.
2024-10-07 17:11:11.544089 (11288) lic_core INFO    (8) checkin jasper_pcov
2024-10-07 17:22:19.544016 (11288) lic__man INFO    Entering idle state.
2024-10-08 11:34:29.877415 (11288) lic__man INFO    Leaving idle state.
2024-10-08 11:34:29.879268 (11288) lic__man INFO    Unclaim 'fpv' for <ui>.
2024-10-08 11:34:29.879293 (11288) lic__man INFO    Claim 'cov' for <ui>.
2024-10-08 11:34:29.879310 (11288) lic_core INFO    (9) checking out 'jasper_coverage' ...
2024-10-08 11:34:29.879319 (11288) lic_core INFO    ... (9) checkout failed (error: -1000000008) ("License feature excluded by previous fatal license checkout attempt")
2024-10-08 11:34:29.879330 (11288) lic_core INFO    (10) checking out 'jasper_pcov' ...
2024-10-08 11:34:29.898126 (11288) lic_core INFO    ... (10) checkout succeeded
2024-10-08 11:34:46.712783 (11288) main____ INFO    Releasing console memory by request of analysis session 'session_0'.
2024-10-08 11:34:46.714555 (11288) lic__man INFO    Unclaim everything for 'session_0'.
2024-10-08 11:34:48.474894 (11288) lic__man INFO    Unclaim everything for 'session_0'.
2024-10-08 11:34:49.004838 (11288) lic__man INFO    Claim 'fpv' for 'session_0'.
2024-10-08 11:34:49.004877 (11288) lic__man INFO    Claim 'fpv' for 'session_0/prove-0'.
2024-10-08 11:34:49.408163 (11288) lic__man INFO    Unclaim everything for 'session_0/prove-0'.
2024-10-08 11:34:49.450900 (11288) lic__man INFO    Claim 'fpv' for 'session_0'.
2024-10-08 11:34:49.450918 (11288) lic__man INFO    Claim 'fpv' for 'session_0/prove-1'.
2024-10-08 11:34:52.385322 (11288) lic__man INFO    Unclaim 'cov' for <ui>.
2024-10-08 11:34:52.385378 (11288) lic__man INFO    Claim 'fpv' for <ui>.
2024-10-08 11:34:56.051395 (11288) lic__man INFO    Unclaim everything for 'session_0/prove-1'.
2024-10-08 11:34:57.135210 (11288) lic__man INFO    Unclaim 'fpv' for <ui>.
2024-10-08 11:34:57.135246 (11288) lic__man INFO    Claim 'cov' for <ui>.
2024-10-08 11:35:08.144988 (11288) lic__man INFO    Claim 'cov' for 'session_0'.
2024-10-08 11:35:08.388109 (11288) lic__man INFO    Claim 'fpv' for 'session_0'.
2024-10-08 11:35:08.388141 (11288) lic__man INFO    Claim 'fpv' for 'session_0/prove-2'.
2024-10-08 11:35:09.296601 (11288) lic__man INFO    Unclaim everything for 'session_0/prove-4'.
2024-10-08 11:35:09.388096 (11288) lic__man INFO    Unclaim everything for 'session_0/prove-3'.
2024-10-08 11:35:11.575021 (11288) lic__man INFO    Unclaim everything for 'session_0/prove-8'.
2024-10-08 11:35:12.469515 (11288) lic__man INFO    Unclaim everything for 'session_0/prove-7'.
2024-10-08 11:35:21.939295 (11288) lic__man INFO    Unclaim everything for 'session_0/prove-10'.
2024-10-08 11:35:22.814565 (11288) lic__man INFO    Unclaim everything for 'session_0/prove-9'.
2024-10-08 11:36:25.757839 (11288) lic__man INFO    Unclaim everything for 'session_0/prove-6'.
2024-10-08 11:36:25.955202 (11288) lic__man INFO    Unclaim everything for 'session_0/prove-5'.
2024-10-08 11:36:28.236930 (11288) lic__man INFO    Unclaim everything for 'session_0/prove-2'.
2024-10-08 11:55:51.543926 (11288) lic__man INFO    Entering idle state.
2024-10-08 12:10:48.530149 (11288) lic__man INFO    Leaving idle state.
2024-10-08 12:10:48.533119 (11288) lic__man INFO    Unclaim 'cov' for <ui>.
2024-10-08 12:10:48.533143 (11288) lic__man INFO    Claim 'fpv' for <ui>.
2024-10-08 12:10:53.408226 (11288) main____ INFO    Releasing console memory by request of analysis session 'session_0'.
2024-10-08 12:10:53.410815 (11288) lic__man INFO    Unclaim everything for 'session_0'.
2024-10-08 12:10:55.121998 (11288) lic__man INFO    Unclaim everything for 'session_0'.
2024-10-08 12:10:55.630919 (11288) lic__man INFO    Claim 'fpv' for 'session_0'.
2024-10-08 12:10:55.630953 (11288) lic__man INFO    Claim 'fpv' for 'session_0/prove-0'.
2024-10-08 12:10:56.037161 (11288) lic__man INFO    Unclaim everything for 'session_0/prove-0'.
2024-10-08 12:10:56.079227 (11288) lic__man INFO    Claim 'fpv' for 'session_0'.
2024-10-08 12:10:56.079246 (11288) lic__man INFO    Claim 'fpv' for 'session_0/prove-1'.
2024-10-08 12:10:56.668983 (11288) lic__man INFO    Unclaim everything for 'session_0/prove-1'.
2024-10-08 12:11:05.204241 (11288) lic__man INFO    Claim 'fpv' for 'session_0'.
2024-10-08 12:11:53.543338 (11288) lic_core INFO    (10) checkin jasper_pcov
2024-10-08 12:20:19.543873 (11288) lic__man INFO    Entering idle state.
2024-10-08 12:25:54.543481 (11288) lic__man INFO    Leaving idle state.
2024-10-08 12:34:59.544159 (11288) lic__man INFO    Entering idle state.
2024-10-08 12:52:39.543622 (11288) lic__man INFO    Leaving idle state.
2024-10-08 12:58:20.428121 (11288) main____ INFO    Releasing console memory by request of analysis session 'session_0'.
2024-10-08 12:58:20.429803 (11288) lic__man INFO    Unclaim everything for 'session_0'.
2024-10-08 12:58:22.108135 (11288) lic__man INFO    Unclaim everything for 'session_0'.
2024-10-08 12:58:22.581273 (11288) lic__man INFO    Claim 'fpv' for 'session_0'.
2024-10-08 12:58:22.581306 (11288) lic__man INFO    Claim 'fpv' for 'session_0/prove-0'.
2024-10-08 12:58:23.006166 (11288) lic__man INFO    Unclaim everything for 'session_0/prove-0'.
2024-10-08 12:58:23.008971 (11288) lic__man INFO    Claim 'fpv' for 'session_0'.
2024-10-08 12:58:23.008987 (11288) lic__man INFO    Claim 'fpv' for 'session_0/prove-1'.
2024-10-08 12:58:23.624934 (11288) lic__man INFO    Unclaim everything for 'session_0/prove-1'.
2024-10-08 12:58:25.533878 (11288) lic__man INFO    Claim 'fpv' for 'session_0'.
2024-10-08 13:00:09.324490 (11288) lic__man INFO    Claim 'fpv' for 'session_0'.
2024-10-08 13:00:09.324530 (11288) lic__man INFO    Claim 'fpv' for 'session_0/prove-2'.
2024-10-08 13:00:09.853760 (11288) lic__man INFO    Unclaim everything for 'session_0/prove-2'.
2024-10-08 13:01:03.943529 (11288) lic__man INFO    Claim 'fpv' for 'session_0'.
2024-10-08 13:01:03.943565 (11288) lic__man INFO    Claim 'fpv' for 'session_0/prove-3'.
2024-10-08 13:01:04.687881 (11288) lic__man INFO    Unclaim everything for 'session_0/prove-3'.
2024-10-08 13:09:19.531749 (11288) main____ INFO    Releasing console memory by request of analysis session 'session_0'.
2024-10-08 13:09:19.532684 (11288) lic__man INFO    Unclaim everything for 'session_0'.
2024-10-08 13:09:21.320511 (11288) lic__man INFO    Unclaim everything for 'session_0'.
2024-10-08 13:09:21.777734 (11288) lic__man INFO    Claim 'fpv' for 'session_0'.
2024-10-08 13:09:21.777762 (11288) lic__man INFO    Claim 'fpv' for 'session_0/prove-0'.
2024-10-08 13:09:22.202600 (11288) lic__man INFO    Unclaim everything for 'session_0/prove-0'.
2024-10-08 13:09:22.205488 (11288) lic__man INFO    Claim 'fpv' for 'session_0'.
2024-10-08 13:09:22.205505 (11288) lic__man INFO    Claim 'fpv' for 'session_0/prove-1'.
2024-10-08 13:09:22.796919 (11288) lic__man INFO    Unclaim everything for 'session_0/prove-1'.
2024-10-08 13:09:30.334472 (11288) lic__man INFO    Claim 'fpv' for 'session_0'.
2024-10-08 13:09:30.334499 (11288) lic__man INFO    Claim 'fpv' for 'session_0/prove-2'.
2024-10-08 13:10:27.484198 (11288) lic__man INFO    Unclaim everything for 'session_0/prove-2'.
2024-10-08 13:12:35.728579 (11288) lic__man INFO    Claim 'fpv' for 'session_0'.
2024-10-08 13:12:52.467686 (11288) lic__man INFO    Claim 'fpv' for 'session_0'.
2024-10-08 13:12:52.467719 (11288) lic__man INFO    Claim 'fpv' for 'session_0/prove-3'.
2024-10-08 13:12:53.130207 (11288) lic__man INFO    Unclaim everything for 'session_0/prove-3'.
2024-10-08 13:24:09.543575 (11288) lic__man INFO    Entering idle state.
2024-10-08 14:16:59.543772 (11288) lic__man INFO    Leaving idle state.
2024-10-08 14:29:22.834815 (11288) main____ INFO    Releasing console memory by request of analysis session 'session_0'.
2024-10-08 14:29:22.836264 (11288) lic__man INFO    Unclaim everything for 'session_0'.
2024-10-08 14:29:24.523674 (11288) lic__man INFO    Unclaim everything for 'session_0'.
2024-10-08 14:29:25.023923 (11288) lic__man INFO    Claim 'fpv' for 'session_0'.
2024-10-08 14:29:25.023957 (11288) lic__man INFO    Claim 'fpv' for 'session_0/prove-0'.
2024-10-08 14:29:25.440093 (11288) lic__man INFO    Unclaim everything for 'session_0/prove-0'.
2024-10-08 14:29:25.443861 (11288) lic__man INFO    Claim 'fpv' for 'session_0'.
2024-10-08 14:29:25.443878 (11288) lic__man INFO    Claim 'fpv' for 'session_0/prove-1'.
2024-10-08 14:29:26.142825 (11288) lic__man INFO    Unclaim everything for 'session_0/prove-1'.
2024-10-08 14:29:26.162673 (11288) lic__man INFO    Claim 'fpv' for 'session_0'.
2024-10-08 14:29:26.162707 (11288) lic__man INFO    Claim 'fpv' for 'session_0/prove-2'.
2024-10-08 14:29:27.574412 (11288) lic__man INFO    Unclaim everything for 'session_0/prove-2'.
2024-10-08 14:30:44.956085 (11288) lic__man INFO    Claim 'fpv' for 'session_0'.
2024-10-08 14:39:24.544424 (11288) lic__man INFO    Entering idle state.
2024-10-08 14:47:54.543933 (11288) lic__man INFO    Leaving idle state.
2024-10-08 14:51:18.905497 (11288) main____ INFO    Releasing console memory by request of analysis session 'session_0'.
2024-10-08 14:51:18.906912 (11288) lic__man INFO    Unclaim everything for 'session_0'.
2024-10-08 14:51:20.740273 (11288) lic__man INFO    Unclaim everything for 'session_0'.
2024-10-08 14:51:21.210504 (11288) lic__man INFO    Claim 'fpv' for 'session_0'.
2024-10-08 14:51:21.210539 (11288) lic__man INFO    Claim 'fpv' for 'session_0/prove-0'.
2024-10-08 14:51:21.688551 (11288) lic__man INFO    Unclaim everything for 'session_0/prove-0'.
2024-10-08 14:51:21.732109 (11288) lic__man INFO    Claim 'fpv' for 'session_0'.
2024-10-08 14:51:21.732126 (11288) lic__man INFO    Claim 'fpv' for 'session_0/prove-1'.
2024-10-08 14:51:22.281901 (11288) lic__man INFO    Unclaim everything for 'session_0/prove-1'.
2024-10-08 14:51:22.344071 (11288) lic__man INFO    Claim 'fpv' for 'session_0'.
2024-10-08 14:51:22.344105 (11288) lic__man INFO    Claim 'fpv' for 'session_0/prove-2'.
2024-10-08 16:25:24.118157 (11288) lic__man INFO    Unclaim 'fpv' for <ui>.
2024-10-08 16:25:24.118211 (11288) lic__man INFO    Claim 'cov' for <ui>.
2024-10-08 16:25:24.118231 (11288) lic_core INFO    (11) checking out 'jasper_coverage' ...
2024-10-08 16:25:24.118240 (11288) lic_core INFO    ... (11) checkout failed (error: -1000000008) ("License feature excluded by previous fatal license checkout attempt")
2024-10-08 16:25:24.118252 (11288) lic_core INFO    (12) checking out 'jasper_pcov' ...
2024-10-08 16:25:24.140434 (11288) lic_core INFO    ... (12) checkout succeeded
2024-10-08 16:29:48.510686 (11288) lic__man INFO    Unclaim 'cov' for <ui>.
2024-10-08 16:29:48.510747 (11288) lic__man INFO    Claim 'fpv' for <ui>.
2024-10-08 16:30:48.543160 (11288) lic_core INFO    (12) checkin jasper_pcov
2024-10-08 17:00:31.644723 (11288) lic__man INFO    Unclaim everything for 'session_0/prove-2'.
2024-10-08 17:08:31.543879 (11288) lic__man INFO    Entering idle state.
2024-10-09 11:23:38.182551 (11288) lic__man INFO    Leaving idle state.
2024-10-09 11:31:43.163977 (11288) lic__man INFO    Claim 'fpv' for 'session_0'.
2024-10-09 11:35:46.904801 (11288) lic__man INFO    Claim 'fpv' for 'session_0'.
2024-10-09 11:35:46.904838 (11288) lic__man INFO    Claim 'fpv' for 'session_0/prove-3'.
2024-10-09 11:35:47.661996 (11288) lic__man INFO    Unclaim everything for 'session_0/prove-3'.
2024-10-09 11:35:49.890557 (11288) lic__man INFO    Claim 'fpv' for 'session_0'.
2024-10-09 11:35:49.890589 (11288) lic__man INFO    Claim 'fpv' for 'session_0/prove-4'.
2024-10-09 11:35:50.621801 (11288) lic__man INFO    Unclaim everything for 'session_0/prove-4'.
2024-10-09 11:48:49.544033 (11288) lic__man INFO    Entering idle state.
2024-10-09 11:53:04.544657 (11288) lic__man INFO    Leaving idle state.
2024-10-09 12:18:34.544318 (11288) lic__man INFO    Entering idle state.
2024-10-09 12:20:44.544436 (11288) lic__man INFO    Leaving idle state.
2024-10-09 12:31:04.543756 (11288) lic__man INFO    Entering idle state.
2024-10-09 12:38:49.544317 (11288) lic__man INFO    Leaving idle state.
2024-10-09 12:43:36.168110 (11288) main____ INFO    Releasing console memory by request of analysis session 'session_0'.
2024-10-09 12:43:36.169325 (11288) lic__man INFO    Unclaim everything for 'session_0'.
2024-10-09 12:43:38.043647 (11288) lic__man INFO    Unclaim everything for 'session_0'.
2024-10-09 12:43:38.514399 (11288) lic__man INFO    Claim 'fpv' for 'session_0'.
2024-10-09 12:43:38.514429 (11288) lic__man INFO    Claim 'fpv' for 'session_0/prove-0'.
2024-10-09 12:43:38.935172 (11288) lic__man INFO    Unclaim everything for 'session_0/prove-0'.
2024-10-09 12:43:38.978498 (11288) lic__man INFO    Claim 'fpv' for 'session_0'.
2024-10-09 12:43:38.978523 (11288) lic__man INFO    Claim 'fpv' for 'session_0/prove-1'.
2024-10-09 12:43:39.598953 (11288) lic__man INFO    Unclaim everything for 'session_0/prove-1'.
2024-10-09 12:43:39.660710 (11288) lic__man INFO    Claim 'fpv' for 'session_0'.
2024-10-09 12:43:39.660741 (11288) lic__man INFO    Claim 'fpv' for 'session_0/prove-2'.
2024-10-09 12:44:35.594457 (11288) lic__man INFO    Claim 'fpv' for 'session_0'.
2024-10-09 13:01:55.297776 (11288) lic__man INFO    Unclaim everything for 'session_0/prove-2'.
2024-10-09 13:06:29.635104 (11288) main____ INFO    Releasing console memory by request of analysis session 'session_0'.
2024-10-09 13:06:29.635895 (11288) lic__man INFO    Unclaim everything for 'session_0'.
2024-10-09 13:06:31.472294 (11288) lic__man INFO    Unclaim everything for 'session_0'.
2024-10-09 13:06:32.010604 (11288) lic__man INFO    Claim 'fpv' for 'session_0'.
2024-10-09 13:06:32.010640 (11288) lic__man INFO    Claim 'fpv' for 'session_0/prove-0'.
2024-10-09 13:06:32.480277 (11288) lic__man INFO    Unclaim everything for 'session_0/prove-0'.
2024-10-09 13:06:32.579403 (11288) lic__man INFO    Claim 'fpv' for 'session_0'.
2024-10-09 13:06:32.579434 (11288) lic__man INFO    Claim 'fpv' for 'session_0/prove-1'.
2024-10-09 13:06:33.370440 (11288) lic__man INFO    Unclaim everything for 'session_0/prove-1'.
2024-10-09 13:06:33.440088 (11288) lic__man INFO    Claim 'fpv' for 'session_0'.
2024-10-09 13:06:33.440122 (11288) lic__man INFO    Claim 'fpv' for 'session_0/prove-2'.
2024-10-09 13:07:41.475266 (11288) lic__man INFO    Claim 'fpv' for 'session_0'.
2024-10-09 13:37:20.263580 (11288) lic__man INFO    Unclaim everything for 'session_0/prove-2'.
2024-10-09 13:37:24.146719 (11288) main____ INFO    Releasing console memory by request of analysis session 'session_0'.
2024-10-09 13:37:24.181106 (11288) lic__man INFO    Unclaim everything for 'session_0'.
2024-10-09 13:37:26.012215 (11288) lic__man INFO    Unclaim everything for 'session_0'.
2024-10-09 13:37:26.528652 (11288) lic__man INFO    Claim 'fpv' for 'session_0'.
2024-10-09 13:37:26.528686 (11288) lic__man INFO    Claim 'fpv' for 'session_0/prove-0'.
2024-10-09 13:37:27.004237 (11288) lic__man INFO    Unclaim everything for 'session_0/prove-0'.
2024-10-09 13:37:27.047775 (11288) lic__man INFO    Claim 'fpv' for 'session_0'.
2024-10-09 13:37:27.047794 (11288) lic__man INFO    Claim 'fpv' for 'session_0/prove-1'.
2024-10-09 13:37:28.290491 (11288) lic__man INFO    Unclaim everything for 'session_0/prove-1'.
2024-10-09 13:37:28.315385 (11288) lic__man INFO    Claim 'fpv' for 'session_0'.
2024-10-09 13:37:28.315421 (11288) lic__man INFO    Claim 'fpv' for 'session_0/prove-2'.
2024-10-09 13:37:42.581841 (11288) lic__man INFO    Unclaim everything for 'session_0/prove-2'.
2024-10-09 13:37:43.370955 (11288) lic__man INFO    Claim 'fpv' for 'session_0'.
2024-10-09 13:38:30.551480 (11288) lic__man INFO    Claim 'fpv' for 'session_0'.
2024-10-09 13:38:30.551511 (11288) lic__man INFO    Claim 'fpv' for 'session_0/prove-3'.
2024-10-09 13:38:31.120223 (11288) lic__man INFO    Unclaim everything for 'session_0/prove-3'.
2024-10-09 13:50:39.543492 (11288) lic__man INFO    Entering idle state.
2024-10-09 14:25:11.165694 (11288) lic__man INFO    Leaving idle state.
2024-10-09 14:25:11.744853 (11288) main____ INFO    Releasing console memory by request of analysis session 'session_0'.
2024-10-09 14:25:11.745836 (11288) lic__man INFO    Unclaim everything for 'session_0'.
2024-10-09 14:25:35.534282 (11288) main____ INFO    Releasing console memory by request of analysis session 'session_0'.
2024-10-09 14:25:35.534334 (11288) lic__man INFO    Unclaim everything for 'session_0'.
2024-10-09 14:25:37.275473 (11288) lic__man INFO    Unclaim everything for 'session_0'.
2024-10-09 14:25:37.788368 (11288) lic__man INFO    Claim 'fpv' for 'session_0'.
2024-10-09 14:25:37.788404 (11288) lic__man INFO    Claim 'fpv' for 'session_0/prove-0'.
2024-10-09 14:25:38.216991 (11288) lic__man INFO    Unclaim everything for 'session_0/prove-0'.
2024-10-09 14:25:38.271782 (11288) lic__man INFO    Claim 'fpv' for 'session_0'.
2024-10-09 14:25:38.271813 (11288) lic__man INFO    Claim 'fpv' for 'session_0/prove-1'.
2024-10-09 14:25:39.183309 (11288) lic__man INFO    Unclaim everything for 'session_0/prove-1'.
2024-10-09 14:25:39.243653 (11288) lic__man INFO    Claim 'fpv' for 'session_0'.
2024-10-09 14:25:39.243686 (11288) lic__man INFO    Claim 'fpv' for 'session_0/prove-2'.
2024-10-09 14:26:04.213425 (11288) lic__man INFO    Claim 'fpv' for 'session_0'.
2024-10-09 14:39:15.558630 (11288) lic__man INFO    Unclaim everything for 'session_0/prove-2'.
2024-10-09 14:39:17.208703 (11288) main____ INFO    Releasing console memory by request of analysis session 'session_0'.
2024-10-09 14:39:17.209657 (11288) lic__man INFO    Unclaim everything for 'session_0'.
2024-10-09 14:39:19.013439 (11288) lic__man INFO    Unclaim everything for 'session_0'.
2024-10-09 14:39:19.576492 (11288) lic__man INFO    Claim 'fpv' for 'session_0'.
2024-10-09 14:39:19.576526 (11288) lic__man INFO    Claim 'fpv' for 'session_0/prove-0'.
2024-10-09 14:39:20.046733 (11288) lic__man INFO    Unclaim everything for 'session_0/prove-0'.
2024-10-09 14:39:20.097802 (11288) lic__man INFO    Claim 'fpv' for 'session_0'.
2024-10-09 14:39:20.097828 (11288) lic__man INFO    Claim 'fpv' for 'session_0/prove-1'.
2024-10-09 14:39:21.060453 (11288) lic__man INFO    Unclaim everything for 'session_0/prove-1'.
2024-10-09 14:39:21.126150 (11288) lic__man INFO    Claim 'fpv' for 'session_0'.
2024-10-09 14:39:21.126183 (11288) lic__man INFO    Claim 'fpv' for 'session_0/prove-2'.
2024-10-09 14:39:25.783415 (11288) lic__man INFO    Claim 'fpv' for 'session_0'.
2024-10-09 14:57:37.950695 (11288) lic__man INFO    Unclaim everything for 'session_0/prove-2'.
2024-10-09 14:57:39.559392 (11288) main____ INFO    Releasing console memory by request of analysis session 'session_0'.
2024-10-09 14:57:39.559986 (11288) lic__man INFO    Unclaim everything for 'session_0'.
2024-10-09 14:57:41.336864 (11288) lic__man INFO    Unclaim everything for 'session_0'.
2024-10-09 14:57:41.805570 (11288) lic__man INFO    Claim 'fpv' for 'session_0'.
2024-10-09 14:57:41.805601 (11288) lic__man INFO    Claim 'fpv' for 'session_0/prove-0'.
2024-10-09 14:57:42.282332 (11288) lic__man INFO    Unclaim everything for 'session_0/prove-0'.
2024-10-09 14:57:42.326585 (11288) lic__man INFO    Claim 'fpv' for 'session_0'.
2024-10-09 14:57:42.326608 (11288) lic__man INFO    Claim 'fpv' for 'session_0/prove-1'.
2024-10-09 14:57:43.241158 (11288) lic__man INFO    Unclaim everything for 'session_0/prove-1'.
2024-10-09 14:57:43.289462 (11288) lic__man INFO    Claim 'fpv' for 'session_0'.
2024-10-09 14:57:43.289497 (11288) lic__man INFO    Claim 'fpv' for 'session_0/prove-2'.
2024-10-09 14:57:48.172533 (11288) lic__man INFO    Claim 'fpv' for 'session_0'.
2024-10-09 15:00:19.278535 (11288) lic__man INFO    Unclaim everything for 'session_0/prove-2'.
2024-10-09 15:00:20.343582 (11288) main____ INFO    Releasing console memory by request of analysis session 'session_0'.
2024-10-09 15:00:20.344457 (11288) lic__man INFO    Unclaim everything for 'session_0'.
2024-10-09 15:00:22.080936 (11288) lic__man INFO    Unclaim everything for 'session_0'.
2024-10-09 15:00:22.600907 (11288) lic__man INFO    Claim 'fpv' for 'session_0'.
2024-10-09 15:00:22.600938 (11288) lic__man INFO    Claim 'fpv' for 'session_0/prove-0'.
2024-10-09 15:00:23.144754 (11288) lic__man INFO    Unclaim everything for 'session_0/prove-0'.
2024-10-09 15:00:23.152390 (11288) lic__man INFO    Claim 'fpv' for 'session_0'.
2024-10-09 15:00:23.152407 (11288) lic__man INFO    Claim 'fpv' for 'session_0/prove-1'.
2024-10-09 15:00:23.900690 (11288) lic__man INFO    Unclaim everything for 'session_0/prove-1'.
2024-10-09 15:00:23.931673 (11288) lic__man INFO    Claim 'fpv' for 'session_0'.
2024-10-09 15:00:23.931708 (11288) lic__man INFO    Claim 'fpv' for 'session_0/prove-2'.
2024-10-09 15:00:31.343310 (11288) lic__man INFO    Claim 'fpv' for 'session_0'.
2024-10-09 15:45:54.817055 (11288) lic__man INFO    Unclaim everything for 'session_0/prove-2'.
2024-10-09 15:45:56.517696 (11288) main____ INFO    Releasing console memory by request of analysis session 'session_0'.
2024-10-09 15:45:56.549420 (11288) lic__man INFO    Unclaim everything for 'session_0'.
2024-10-09 15:46:48.843937 (11288) main____ INFO    Releasing console memory by request of analysis session 'session_0'.
2024-10-09 15:46:48.844069 (11288) lic__man INFO    Unclaim everything for 'session_0'.
2024-10-09 15:46:50.668270 (11288) lic__man INFO    Unclaim everything for 'session_0'.
2024-10-09 15:46:51.211240 (11288) lic__man INFO    Claim 'fpv' for 'session_0'.
2024-10-09 15:46:51.211277 (11288) lic__man INFO    Claim 'fpv' for 'session_0/prove-0'.
2024-10-09 15:46:51.660947 (11288) lic__man INFO    Unclaim everything for 'session_0/prove-0'.
2024-10-09 15:48:29.625508 (11288) main____ INFO    Releasing console memory by request of analysis session 'session_0'.
2024-10-09 15:48:29.626509 (11288) lic__man INFO    Unclaim everything for 'session_0'.
2024-10-09 15:48:31.421942 (11288) lic__man INFO    Unclaim everything for 'session_0'.
2024-10-09 15:48:31.942058 (11288) lic__man INFO    Claim 'fpv' for 'session_0'.
2024-10-09 15:48:31.942092 (11288) lic__man INFO    Claim 'fpv' for 'session_0/prove-0'.
2024-10-09 15:48:32.357435 (11288) lic__man INFO    Unclaim everything for 'session_0/prove-0'.
2024-10-09 15:48:32.401488 (11288) lic__man INFO    Claim 'fpv' for 'session_0'.
2024-10-09 15:48:32.401515 (11288) lic__man INFO    Claim 'fpv' for 'session_0/prove-1'.
2024-10-09 15:48:33.438900 (11288) lic__man INFO    Unclaim everything for 'session_0/prove-1'.
2024-10-09 15:48:33.442920 (11288) lic__man INFO    Claim 'fpv' for 'session_0'.
2024-10-09 15:48:33.442938 (11288) lic__man INFO    Claim 'fpv' for 'session_0/prove-2'.
2024-10-09 15:48:33.526161 (11288) lic__man INFO    Claim 'fpv' for 'session_0'.
2024-10-09 15:48:33.526193 (11288) lic__man INFO    Claim 'fpv' for 'session_0/prove-3'.
2024-10-09 15:48:33.526208 (11288) lic_core INFO    (13) checking out 'jasper_fpv' ...
2024-10-09 15:48:33.526216 (11288) lic_core INFO    ... (13) checkout failed (error: -1000000008) ("License feature excluded by previous fatal license checkout attempt")
2024-10-09 15:48:33.526225 (11288) lic_core INFO    (14) checking out 'jasper_fao' ...
2024-10-09 15:48:33.526230 (11288) lic_core INFO    ... (14) checkout failed (error: -1000000008) ("License feature excluded by previous fatal license checkout attempt")
2024-10-09 15:48:33.526235 (11288) lic_core INFO    (15) checking out 'jasper_papp' ...
2024-10-09 15:48:33.540778 (11288) lic_core INFO    ... (15) checkout succeeded
2024-10-09 15:58:41.719060 (11288) lic__man INFO    Claim 'fpv' for 'session_0'.
2024-10-09 17:27:38.367212 (11288) lic__man INFO    Unclaim everything for 'session_0/prove-2'.
2024-10-09 17:27:38.427846 (11288) lic__man INFO    Unclaim everything for 'session_0/prove-3'.
2024-10-09 17:27:41.305126 (11288) main____ INFO    Releasing console memory by request of analysis session 'session_0'.
2024-10-09 17:27:41.306281 (11288) lic__man INFO    Unclaim everything for 'session_0'.
2024-10-09 17:27:43.092916 (11288) lic__man INFO    Unclaim everything for 'session_0'.
2024-10-09 17:27:43.676341 (11288) lic__man INFO    Claim 'fpv' for 'session_0'.
2024-10-09 17:27:43.676380 (11288) lic__man INFO    Claim 'fpv' for 'session_0/prove-0'.
2024-10-09 17:27:44.242140 (11288) lic__man INFO    Unclaim everything for 'session_0/prove-0'.
2024-10-09 17:27:44.285195 (11288) lic__man INFO    Claim 'fpv' for 'session_0'.
2024-10-09 17:27:44.285211 (11288) lic__man INFO    Claim 'fpv' for 'session_0/prove-1'.
2024-10-09 17:27:45.164543 (11288) lic__man INFO    Unclaim everything for 'session_0/prove-1'.
2024-10-09 17:27:45.166194 (11288) lic__man INFO    Claim 'fpv' for 'session_0'.
2024-10-09 17:27:45.166210 (11288) lic__man INFO    Claim 'fpv' for 'session_0/prove-2'.
2024-10-09 17:27:45.276647 (11288) lic__man INFO    Claim 'fpv' for 'session_0'.
2024-10-09 17:27:45.276681 (11288) lic__man INFO    Claim 'fpv' for 'session_0/prove-3'.
2024-10-09 17:30:29.393083 (11288) lic__man INFO    Claim 'fpv' for 'session_0'.
